<?xml version="1.0" encoding="UTF-8"?>
<!-- Generated by org.testng.reporters.JUnitXMLReporter -->
<testsuite ignored="8" hostname="DESKTOP-OANRPD5" failures="1" tests="12" name="Functional Testing" time="9.515" errors="0" timestamp="2024-02-04T15:23:46 IST">
  <testcase classname="Testngpractice.AssertDemoVerifyTitle" name="verifytitle" time="6.071"/>
  <testcase classname="Testngpractice.GroupTestDemo" name="atest1" time="0.003"/>
  <testcase classname="Testngpractice.GroupTestDemo" name="btest2" time="0.002"/>
  <testcase classname="Testngpractice.GroupTestDemo" name="btest3" time="0.002"/>
  <testcase classname="Testngpractice.GroupTestDemo" name="btest4" time="0.002"/>
  <testcase classname="Testngpractice.CreateTestSuiteDemo" name="atest1" time="0.002"/>
  <testcase classname="Testngpractice.CreateTestSuiteDemo" name="btest2" time="0.001"/>
  <testcase classname="Testngpractice.CreateTestSuiteDemo" name="btest3" time="0.001"/>
  <testcase classname="Testngpractice.CreateTestSuiteDemo" name="btest4" time="0.001"/>
  <testcase classname="Testngpractice.SoftAssertionDemo" name="verifytitle" time="3.353">
    <failure type="java.lang.AssertionError" message="The following asserts failed:
	expected [Electronics, Cars, Fashion, Collectibles &amp;amp; More | eBay] but found [Electronics, 122Cars, Fashion, Collectibles &amp;amp; More | eBay]">
      <![CDATA[java.lang.AssertionError: The following asserts failed:
expected [Electronics, Cars, Fashion, Collectibles & More | eBay] but found [Electronics, 122Cars, Fashion, Collectibles & More | eBay]
at Testngpractice.SoftAssertionDemo.verifytitle(SoftAssertionDemo.java:33)
at java.base/java.util.ArrayList.forEach(ArrayList.java:1511)
... Removed 30 stack frames]]>
    </failure>
  </testcase> <!-- verifytitle -->
  <testcase classname="Testngpractice.LoginTestDemo" name="atest1" time="0.002"/>
  <testcase classname="Testngpractice.LoginTestDemo" name="btest2" time="0.001"/>
  <testcase classname="common.CommonDataSetup" name="@AfterSuite teardown" time="0.0">
    <ignored/>
  </testcase> <!-- @AfterSuite teardown -->
  <testcase classname="common.CommonDataSetup" name="@AfterSuite teardown" time="0.0">
    <ignored/>
  </testcase> <!-- @AfterSuite teardown -->
  <testcase classname="common.CommonDataSetup" name="@AfterSuite teardown" time="0.0">
    <ignored/>
  </testcase> <!-- @AfterSuite teardown -->
  <testcase classname="common.CommonDataSetup" name="@AfterSuite teardown" time="0.0">
    <ignored/>
  </testcase> <!-- @AfterSuite teardown -->
  <testcase classname="common.CommonDataSetup" name="@BeforeSuite datasetup" time="0.0">
    <ignored/>
  </testcase> <!-- @BeforeSuite datasetup -->
  <testcase classname="common.CommonDataSetup" name="@BeforeSuite datasetup" time="0.0">
    <ignored/>
  </testcase> <!-- @BeforeSuite datasetup -->
  <testcase classname="common.CommonDataSetup" name="@BeforeSuite datasetup" time="0.0">
    <ignored/>
  </testcase> <!-- @BeforeSuite datasetup -->
  <testcase classname="common.CommonDataSetup" name="@BeforeSuite datasetup" time="0.0">
    <ignored/>
  </testcase> <!-- @BeforeSuite datasetup -->
</testsuite> <!-- Functional Testing -->
