<?xml version="1.0" encoding="UTF-8"?>
<testng-results ignored="0" total="4" passed="3" failed="1" skipped="0">
  <reporter-output>
  </reporter-output>
  <suite started-at="2024-06-11T20:00:50 IST" name="Default suite" finished-at="2024-06-11T20:00:50 IST" duration-ms="41">
    <groups>
      <group name="bvt">
        <method signature="GroupTestDemo.btest3()[pri:0, instance:Testngpractice.GroupTestDemo@428640fa]" name="btest3" class="Testngpractice.GroupTestDemo"/>
        <method signature="GroupTestDemo.btest4()[pri:0, instance:Testngpractice.GroupTestDemo@428640fa]" name="btest4" class="Testngpractice.GroupTestDemo"/>
      </group> <!-- bvt -->
      <group name="user-registration">
        <method signature="GroupTestDemo.atest1()[pri:0, instance:Testngpractice.GroupTestDemo@428640fa]" name="atest1" class="Testngpractice.GroupTestDemo"/>
        <method signature="GroupTestDemo.btest2()[pri:0, instance:Testngpractice.GroupTestDemo@428640fa]" name="btest2" class="Testngpractice.GroupTestDemo"/>
        <method signature="GroupTestDemo.btest3()[pri:0, instance:Testngpractice.GroupTestDemo@428640fa]" name="btest3" class="Testngpractice.GroupTestDemo"/>
        <method signature="GroupTestDemo.btest4()[pri:0, instance:Testngpractice.GroupTestDemo@428640fa]" name="btest4" class="Testngpractice.GroupTestDemo"/>
      </group> <!-- user-registration -->
      <group name="regression">
        <method signature="GroupTestDemo.atest1()[pri:0, instance:Testngpractice.GroupTestDemo@428640fa]" name="atest1" class="Testngpractice.GroupTestDemo"/>
        <method signature="GroupTestDemo.btest2()[pri:0, instance:Testngpractice.GroupTestDemo@428640fa]" name="btest2" class="Testngpractice.GroupTestDemo"/>
        <method signature="GroupTestDemo.btest3()[pri:0, instance:Testngpractice.GroupTestDemo@428640fa]" name="btest3" class="Testngpractice.GroupTestDemo"/>
      </group> <!-- regression -->
    </groups>
    <test started-at="2024-06-11T20:00:50 IST" name="Default test" finished-at="2024-06-11T20:00:50 IST" duration-ms="41">
      <class name="Testngpractice.GroupTestDemo">
        <test-method is-config="true" signature="datasetup()[pri:0, instance:Testngpractice.GroupTestDemo@428640fa]" started-at="2024-06-11T20:00:50 IST" name="datasetup" finished-at="2024-06-11T20:00:50 IST" duration-ms="5" status="PASS">
          <reporter-output>
          </reporter-output>
        </test-method> <!-- datasetup -->
        <test-method signature="atest1()[pri:0, instance:Testngpractice.GroupTestDemo@428640fa]" started-at="2024-06-11T20:00:50 IST" name="atest1" finished-at="2024-06-11T20:00:50 IST" duration-ms="4" status="PASS">
          <reporter-output>
          </reporter-output>
        </test-method> <!-- atest1 -->
        <test-method signature="btest2()[pri:0, instance:Testngpractice.GroupTestDemo@428640fa]" started-at="2024-06-11T20:00:50 IST" name="btest2" finished-at="2024-06-11T20:00:50 IST" duration-ms="3" status="FAIL">
          <exception class="java.lang.AssertionError">
            <message>
              <![CDATA[expected [true] but found [false]]]>
            </message>
            <full-stacktrace>
              <![CDATA[java.lang.AssertionError: expected [true] but found [false]
at org.testng.Assert.fail(Assert.java:99)
at org.testng.Assert.failNotEquals(Assert.java:1037)
at org.testng.Assert.assertTrue(Assert.java:45)
at org.testng.Assert.assertTrue(Assert.java:55)
at Testngpractice.GroupTestDemo.btest2(GroupTestDemo.java:18)
at java.base/jdk.internal.reflect.NativeMethodAccessorImpl.invoke0(Native Method)
at java.base/jdk.internal.reflect.NativeMethodAccessorImpl.invoke(NativeMethodAccessorImpl.java:77)
at java.base/jdk.internal.reflect.DelegatingMethodAccessorImpl.invoke(DelegatingMethodAccessorImpl.java:43)
at java.base/java.lang.reflect.Method.invoke(Method.java:568)
at org.testng.internal.MethodInvocationHelper.invokeMethod(MethodInvocationHelper.java:133)
at org.testng.internal.TestInvoker.invokeMethod(TestInvoker.java:598)
at org.testng.internal.TestInvoker.invokeTestMethod(TestInvoker.java:173)
at org.testng.internal.MethodRunner.runInSequence(MethodRunner.java:46)
at org.testng.internal.TestInvoker$MethodInvocationAgent.invoke(TestInvoker.java:824)
at org.testng.internal.TestInvoker.invokeTestMethods(TestInvoker.java:146)
at org.testng.internal.TestMethodWorker.invokeTestMethods(TestMethodWorker.java:146)
at org.testng.internal.TestMethodWorker.run(TestMethodWorker.java:128)
at java.base/java.util.ArrayList.forEach(ArrayList.java:1511)
at org.testng.TestRunner.privateRun(TestRunner.java:794)
at org.testng.TestRunner.run(TestRunner.java:596)
at org.testng.SuiteRunner.runTest(SuiteRunner.java:377)
at org.testng.SuiteRunner.runSequentially(SuiteRunner.java:371)
at org.testng.SuiteRunner.privateRun(SuiteRunner.java:332)
at org.testng.SuiteRunner.run(SuiteRunner.java:276)
at org.testng.SuiteRunnerWorker.runSuite(SuiteRunnerWorker.java:53)
at org.testng.SuiteRunnerWorker.run(SuiteRunnerWorker.java:96)
at org.testng.TestNG.runSuitesSequentially(TestNG.java:1212)
at org.testng.TestNG.runSuitesLocally(TestNG.java:1134)
at org.testng.TestNG.runSuites(TestNG.java:1063)
at org.testng.TestNG.run(TestNG.java:1031)
at org.testng.remote.AbstractRemoteTestNG.run(AbstractRemoteTestNG.java:115)
at org.testng.remote.RemoteTestNG.initAndRun(RemoteTestNG.java:251)
at org.testng.remote.RemoteTestNG.main(RemoteTestNG.java:77)
]]>
            </full-stacktrace>
          </exception> <!-- java.lang.AssertionError -->
          <reporter-output>
          </reporter-output>
        </test-method> <!-- btest2 -->
        <test-method signature="btest3()[pri:0, instance:Testngpractice.GroupTestDemo@428640fa]" started-at="2024-06-11T20:00:50 IST" name="btest3" finished-at="2024-06-11T20:00:50 IST" duration-ms="1" status="PASS">
          <reporter-output>
          </reporter-output>
        </test-method> <!-- btest3 -->
        <test-method signature="btest4()[pri:0, instance:Testngpractice.GroupTestDemo@428640fa]" started-at="2024-06-11T20:00:50 IST" name="btest4" finished-at="2024-06-11T20:00:50 IST" duration-ms="1" status="PASS">
          <reporter-output>
          </reporter-output>
        </test-method> <!-- btest4 -->
        <test-method is-config="true" signature="teardown()[pri:0, instance:Testngpractice.GroupTestDemo@428640fa]" started-at="2024-06-11T20:00:50 IST" name="teardown" finished-at="2024-06-11T20:00:50 IST" duration-ms="0" status="PASS">
          <reporter-output>
          </reporter-output>
        </test-method> <!-- teardown -->
      </class> <!-- Testngpractice.GroupTestDemo -->
    </test> <!-- Default test -->
  </suite> <!-- Default suite -->
</testng-results>
